c:\users\marissa\documents\github\facetracking\facedemo_dxut\debug\vc140.pdb
c:\users\marissa\documents\github\facetracking\facedemo_dxut\debug\vc140.idb
c:\users\marissa\documents\github\facetracking\facedemo_dxut\debug\skybox.obj
c:\users\marissa\documents\github\facetracking\facedemo_dxut\debug\math.obj
c:\users\marissa\documents\github\facetracking\facedemo_dxut\debug\logger.obj
c:\users\marissa\documents\github\facetracking\facedemo_dxut\debug\cameraimagerenderer.obj
c:\users\marissa\documents\github\facetracking\facedemo_dxut\debug\sdkmisc.obj
c:\users\marissa\documents\github\facetracking\facedemo_dxut\debug\sdkmesh.obj
c:\users\marissa\documents\github\facetracking\facedemo_dxut\debug\dxutsettingsdlg.obj
c:\users\marissa\documents\github\facetracking\facedemo_dxut\debug\dxutres.obj
c:\users\marissa\documents\github\facetracking\facedemo_dxut\debug\dxutgui.obj
c:\users\marissa\documents\github\facetracking\facedemo_dxut\debug\dxutcamera.obj
c:\users\marissa\documents\github\facetracking\facedemo_dxut\debug\dxutmisc.obj
c:\users\marissa\documents\github\facetracking\facedemo_dxut\debug\dxutenum.obj
c:\users\marissa\documents\github\facetracking\facedemo_dxut\debug\dxut.obj
c:\users\marissa\documents\github\facetracking\facedemo_dxut\debug\sample.obj
c:\users\marissa\documents\github\facetracking\facedemo_dxut\debug\model.obj
c:\users\marissa\documents\github\facetracking\facedemo_dxut\debug\main.obj
c:\users\marissa\documents\github\facetracking\facedemo_dxut\debug\dxextension.obj
c:\users\marissa\documents\github\facetracking\debug\facedemo.ilk
c:\users\marissa\documents\github\facetracking\debug\facedemo.exe
c:\users\marissa\documents\github\facetracking\debug\facedemo.pdb
c:\users\marissa\documents\github\facetracking\facedemo_dxut\debug\facedemo.res
c:\users\marissa\documents\github\facetracking\facedemo_dxut\debug\face_tracking.res
c:\users\marissa\documents\github\facetracking\facedemo_dxut\debug\facedemo.tlog\cl.command.1.tlog
c:\users\marissa\documents\github\facetracking\facedemo_dxut\debug\facedemo.tlog\cl.read.1.tlog
c:\users\marissa\documents\github\facetracking\facedemo_dxut\debug\facedemo.tlog\cl.write.1.tlog
c:\users\marissa\documents\github\facetracking\facedemo_dxut\debug\facedemo.tlog\link.command.1.tlog
c:\users\marissa\documents\github\facetracking\facedemo_dxut\debug\facedemo.tlog\link.read.1.tlog
c:\users\marissa\documents\github\facetracking\facedemo_dxut\debug\facedemo.tlog\link.write.1.tlog
c:\users\marissa\documents\github\facetracking\facedemo_dxut\debug\facedemo.tlog\rc.command.1.tlog
c:\users\marissa\documents\github\facetracking\facedemo_dxut\debug\facedemo.tlog\rc.read.1.tlog
c:\users\marissa\documents\github\facetracking\facedemo_dxut\debug\facedemo.tlog\rc.write.1.tlog
